<?xml version="1.0" encoding="UTF-8"?>
<!-- Generated by org.testng.reporters.JUnitXMLReporter -->
<testsuite ignored="0" hostname="DESKTOP-R9M8R8C" failures="0" tests="4" name="Master Test Execution" time="24.895" errors="0" timestamp="2024-12-31T22:13:18 IST">
  <testcase classname="com.oc.qa.TestCases.AddressTest" name="Addressupdate" time="3.849"/>
  <testcase classname="com.oc.qa.TestCases.AddressTest" name="Addressupdate" time="3.501"/>
  <testcase classname="com.oc.qa.TestCases.AddressTest" name="Addressupdate" time="3.618"/>
  <testcase classname="com.oc.qa.TestCases.AddressTest" name="Addressupdate" time="3.535"/>
</testsuite> <!-- Master Test Execution -->
