<?xml version="1.0" encoding="UTF-8"?>
<!-- Generated by org.testng.reporters.JUnitXMLReporter -->
<testsuite ignored="0" hostname="DESKTOP-R9M8R8C" failures="0" tests="7" name="Master Test Execution" time="84.967" errors="0" timestamp="2024-12-31T00:16:45 IST">
  <testcase classname="com.oc.qa.TestCases.RegistrationTest" name="Acc_RegistrationTest" time="2.615"/>
  <testcase classname="com.oc.qa.TestCases.LoginTest" name="Acc_LoginTest" time="2.034"/>
  <testcase classname="com.oc.qa.TestCases.SearchProductTest" name="SearchproductTest" time="10.611"/>
  <testcase classname="com.oc.qa.TestCases.AddressTest" name="Addressupdate" time="11.207"/>
  <testcase classname="com.oc.qa.TestCases.AddressTest" name="Addressupdate" time="10.381"/>
  <testcase classname="com.oc.qa.TestCases.AddressTest" name="Addressupdate" time="10.937"/>
  <testcase classname="com.oc.qa.TestCases.AddressTest" name="Addressupdate" time="10.453"/>
</testsuite> <!-- Master Test Execution -->
