<?xml version="1.0" encoding="UTF-8"?>
<testng-results ignored="0" total="4" passed="4" failed="0" skipped="0">
  <reporter-output>
  </reporter-output>
  <suite started-at="2024-12-31T22:12:52 IST" name="Master Suite" finished-at="2024-12-31T22:13:17 IST" duration-ms="24895">
    <groups>
      <group name="Master">
        <method signature="AddressTest.Addressupdate(java.lang.String,java.lang.String,java.lang.String,java.lang.String,java.lang.String,java.lang.String,java.lang.String,java.lang.String,java.lang.String,java.lang.String,java.lang.String,java.lang.String,java.lang.String)[pri:0, instance:com.oc.qa.TestCases.AddressTest@21d8bcbe]" name="Addressupdate" class="com.oc.qa.TestCases.AddressTest"/>
      </group> <!-- Master -->
    </groups>
    <test started-at="2024-12-31T22:12:52 IST" name="Master Test Execution" finished-at="2024-12-31T22:13:17 IST" duration-ms="24895">
      <class name="com.oc.qa.TestCases.AddressTest">
        <test-method is-config="true" signature="setup(java.lang.String,java.lang.String)[pri:0, instance:com.oc.qa.TestCases.AddressTest@21d8bcbe]" started-at="2024-12-31T22:12:54 IST" name="setup" finished-at="2024-12-31T22:12:57 IST" duration-ms="2886" status="PASS">
          <params>
            <param index="0">
              <value>
                <![CDATA[Windows]]>
              </value>
            </param>
            <param index="1">
              <value>
                <![CDATA[chrome]]>
              </value>
            </param>
          </params>
          <reporter-output>
          </reporter-output>
        </test-method> <!-- setup -->
        <test-method signature="Addressupdate(java.lang.String,java.lang.String,java.lang.String,java.lang.String,java.lang.String,java.lang.String,java.lang.String,java.lang.String,java.lang.String,java.lang.String,java.lang.String,java.lang.String,java.lang.String)[pri:0, instance:com.oc.qa.TestCases.AddressTest@21d8bcbe]" started-at="2024-12-31T22:12:57 IST" name="Addressupdate" data-provider="AddressUpdate" finished-at="2024-12-31T22:13:01 IST" duration-ms="3849" status="PASS">
          <params>
            <param index="0">
              <value>
                <![CDATA[vanditanaik@mailinator.com]]>
              </value>
            </param>
            <param index="1">
              <value>
                <![CDATA[@Tester123]]>
              </value>
            </param>
            <param index="2">
              <value>
                <![CDATA[Pramod]]>
              </value>
            </param>
            <param index="3">
              <value>
                <![CDATA[Naik]]>
              </value>
            </param>
            <param index="4">
              <value>
                <![CDATA[ABC]]>
              </value>
            </param>
            <param index="5">
              <value>
                <![CDATA[Electronic City]]>
              </value>
            </param>
            <param index="6">
              <value>
                <![CDATA[Electronic City]]>
              </value>
            </param>
            <param index="7">
              <value>
                <![CDATA[Electronic City]]>
              </value>
            </param>
            <param index="8">
              <value>
                <![CDATA[560100]]>
              </value>
            </param>
            <param index="9">
              <value>
                <![CDATA[India]]>
              </value>
            </param>
            <param index="10">
              <value>
                <![CDATA[Karnataka]]>
              </value>
            </param>
            <param index="11">
              <value>
                <![CDATA[Your address has been successfully added]]>
              </value>
            </param>
            <param index="12">
              <value>
                <![CDATA[Your address has been successfully deleted]]>
              </value>
            </param>
          </params>
          <reporter-output>
          </reporter-output>
        </test-method> <!-- Addressupdate -->
        <test-method is-config="true" signature="teardown()[pri:0, instance:com.oc.qa.TestCases.AddressTest@21d8bcbe]" started-at="2024-12-31T22:13:01 IST" name="teardown" finished-at="2024-12-31T22:13:01 IST" duration-ms="194" status="PASS">
          <reporter-output>
          </reporter-output>
        </test-method> <!-- teardown -->
        <test-method is-config="true" signature="setup(java.lang.String,java.lang.String)[pri:0, instance:com.oc.qa.TestCases.AddressTest@21d8bcbe]" started-at="2024-12-31T22:13:01 IST" name="setup" finished-at="2024-12-31T22:13:02 IST" duration-ms="1680" status="PASS">
          <params>
            <param index="0">
              <value>
                <![CDATA[Windows]]>
              </value>
            </param>
            <param index="1">
              <value>
                <![CDATA[chrome]]>
              </value>
            </param>
          </params>
          <reporter-output>
          </reporter-output>
        </test-method> <!-- setup -->
        <test-method signature="Addressupdate(java.lang.String,java.lang.String,java.lang.String,java.lang.String,java.lang.String,java.lang.String,java.lang.String,java.lang.String,java.lang.String,java.lang.String,java.lang.String,java.lang.String,java.lang.String)[pri:0, instance:com.oc.qa.TestCases.AddressTest@21d8bcbe]" started-at="2024-12-31T22:13:02 IST" name="Addressupdate" data-provider="AddressUpdate" finished-at="2024-12-31T22:13:06 IST" duration-ms="3501" status="PASS">
          <params>
            <param index="0">
              <value>
                <![CDATA[vanditanaik@mailinator.com]]>
              </value>
            </param>
            <param index="1">
              <value>
                <![CDATA[@Tester123]]>
              </value>
            </param>
            <param index="2">
              <value>
                <![CDATA[Vandita]]>
              </value>
            </param>
            <param index="3">
              <value>
                <![CDATA[Naik]]>
              </value>
            </param>
            <param index="4">
              <value>
                <![CDATA[BCD]]>
              </value>
            </param>
            <param index="5">
              <value>
                <![CDATA[HosaRoad]]>
              </value>
            </param>
            <param index="6">
              <value>
                <![CDATA[HosaRoad]]>
              </value>
            </param>
            <param index="7">
              <value>
                <![CDATA[HosaRoad]]>
              </value>
            </param>
            <param index="8">
              <value>
                <![CDATA[560100]]>
              </value>
            </param>
            <param index="9">
              <value>
                <![CDATA[India]]>
              </value>
            </param>
            <param index="10">
              <value>
                <![CDATA[Karnataka]]>
              </value>
            </param>
            <param index="11">
              <value>
                <![CDATA[Your address has been successfully added]]>
              </value>
            </param>
            <param index="12">
              <value>
                <![CDATA[Your address has been successfully deleted]]>
              </value>
            </param>
          </params>
          <reporter-output>
          </reporter-output>
        </test-method> <!-- Addressupdate -->
        <test-method is-config="true" signature="teardown()[pri:0, instance:com.oc.qa.TestCases.AddressTest@21d8bcbe]" started-at="2024-12-31T22:13:06 IST" name="teardown" finished-at="2024-12-31T22:13:06 IST" duration-ms="214" status="PASS">
          <reporter-output>
          </reporter-output>
        </test-method> <!-- teardown -->
        <test-method is-config="true" signature="setup(java.lang.String,java.lang.String)[pri:0, instance:com.oc.qa.TestCases.AddressTest@21d8bcbe]" started-at="2024-12-31T22:13:06 IST" name="setup" finished-at="2024-12-31T22:13:08 IST" duration-ms="1687" status="PASS">
          <params>
            <param index="0">
              <value>
                <![CDATA[Windows]]>
              </value>
            </param>
            <param index="1">
              <value>
                <![CDATA[chrome]]>
              </value>
            </param>
          </params>
          <reporter-output>
          </reporter-output>
        </test-method> <!-- setup -->
        <test-method signature="Addressupdate(java.lang.String,java.lang.String,java.lang.String,java.lang.String,java.lang.String,java.lang.String,java.lang.String,java.lang.String,java.lang.String,java.lang.String,java.lang.String,java.lang.String,java.lang.String)[pri:0, instance:com.oc.qa.TestCases.AddressTest@21d8bcbe]" started-at="2024-12-31T22:13:08 IST" name="Addressupdate" data-provider="AddressUpdate" finished-at="2024-12-31T22:13:11 IST" duration-ms="3618" status="PASS">
          <params>
            <param index="0">
              <value>
                <![CDATA[vanditanaik@mailinator.com]]>
              </value>
            </param>
            <param index="1">
              <value>
                <![CDATA[@Tester123]]>
              </value>
            </param>
            <param index="2">
              <value>
                <![CDATA[Keeku]]>
              </value>
            </param>
            <param index="3">
              <value>
                <![CDATA[Holiya]]>
              </value>
            </param>
            <param index="4">
              <value>
                <![CDATA[CDE]]>
              </value>
            </param>
            <param index="5">
              <value>
                <![CDATA[BTM]]>
              </value>
            </param>
            <param index="6">
              <value>
                <![CDATA[BTM]]>
              </value>
            </param>
            <param index="7">
              <value>
                <![CDATA[BTM]]>
              </value>
            </param>
            <param index="8">
              <value>
                <![CDATA[560100]]>
              </value>
            </param>
            <param index="9">
              <value>
                <![CDATA[India]]>
              </value>
            </param>
            <param index="10">
              <value>
                <![CDATA[Karnataka]]>
              </value>
            </param>
            <param index="11">
              <value>
                <![CDATA[Your address has been successfully added]]>
              </value>
            </param>
            <param index="12">
              <value>
                <![CDATA[Your address has been successfully deleted]]>
              </value>
            </param>
          </params>
          <reporter-output>
          </reporter-output>
        </test-method> <!-- Addressupdate -->
        <test-method is-config="true" signature="teardown()[pri:0, instance:com.oc.qa.TestCases.AddressTest@21d8bcbe]" started-at="2024-12-31T22:13:11 IST" name="teardown" finished-at="2024-12-31T22:13:12 IST" duration-ms="178" status="PASS">
          <reporter-output>
          </reporter-output>
        </test-method> <!-- teardown -->
        <test-method is-config="true" signature="setup(java.lang.String,java.lang.String)[pri:0, instance:com.oc.qa.TestCases.AddressTest@21d8bcbe]" started-at="2024-12-31T22:13:12 IST" name="setup" finished-at="2024-12-31T22:13:13 IST" duration-ms="1599" status="PASS">
          <params>
            <param index="0">
              <value>
                <![CDATA[Windows]]>
              </value>
            </param>
            <param index="1">
              <value>
                <![CDATA[chrome]]>
              </value>
            </param>
          </params>
          <reporter-output>
          </reporter-output>
        </test-method> <!-- setup -->
        <test-method signature="Addressupdate(java.lang.String,java.lang.String,java.lang.String,java.lang.String,java.lang.String,java.lang.String,java.lang.String,java.lang.String,java.lang.String,java.lang.String,java.lang.String,java.lang.String,java.lang.String)[pri:0, instance:com.oc.qa.TestCases.AddressTest@21d8bcbe]" started-at="2024-12-31T22:13:13 IST" name="Addressupdate" data-provider="AddressUpdate" finished-at="2024-12-31T22:13:17 IST" duration-ms="3535" status="PASS">
          <params>
            <param index="0">
              <value>
                <![CDATA[vanditanaik@mailinator.com]]>
              </value>
            </param>
            <param index="1">
              <value>
                <![CDATA[@Tester123]]>
              </value>
            </param>
            <param index="2">
              <value>
                <![CDATA[Peeku]]>
              </value>
            </param>
            <param index="3">
              <value>
                <![CDATA[Hegde]]>
              </value>
            </param>
            <param index="4">
              <value>
                <![CDATA[DEF]]>
              </value>
            </param>
            <param index="5">
              <value>
                <![CDATA[JayNagar]]>
              </value>
            </param>
            <param index="6">
              <value>
                <![CDATA[JayNagar]]>
              </value>
            </param>
            <param index="7">
              <value>
                <![CDATA[JayNagar]]>
              </value>
            </param>
            <param index="8">
              <value>
                <![CDATA[560100]]>
              </value>
            </param>
            <param index="9">
              <value>
                <![CDATA[India]]>
              </value>
            </param>
            <param index="10">
              <value>
                <![CDATA[Karnataka]]>
              </value>
            </param>
            <param index="11">
              <value>
                <![CDATA[Your address has been successfully added]]>
              </value>
            </param>
            <param index="12">
              <value>
                <![CDATA[Your address has been successfully deleted]]>
              </value>
            </param>
          </params>
          <reporter-output>
          </reporter-output>
        </test-method> <!-- Addressupdate -->
        <test-method is-config="true" signature="teardown()[pri:0, instance:com.oc.qa.TestCases.AddressTest@21d8bcbe]" started-at="2024-12-31T22:13:17 IST" name="teardown" finished-at="2024-12-31T22:13:17 IST" duration-ms="188" status="PASS">
          <reporter-output>
          </reporter-output>
        </test-method> <!-- teardown -->
      </class> <!-- com.oc.qa.TestCases.AddressTest -->
    </test> <!-- Master Test Execution -->
  </suite> <!-- Master Suite -->
</testng-results>
